Run: 2026-03-25 22:52:09.339512
==============================================================
  FULL DATAFLOW VERIFICATION  (Python cycle-accurate vs RTL)
  N=[2, 3, 4]  |  DW=8  |  seed=42
==============================================================

══════════════════════════════════════════════════════════════
  DATAFLOW: OS
══════════════════════════════════════════════════════════════

  ────────────────────────────────────────────────────────
  OS N=2  A=[[4, 5], [3, 1]]  B=[[1, 3], [2, 2]]
  C = A×B (golden) = [[14, 22], [5, 11]]

  Row   Python (arrival order)         Verilog (arrival order)        Match
  ───   ──────────────────────         ───────────────────────        ─────
  0     [22, 14]                       [22, 14]                       ✓
  1     [11, 5]                        [11, 5]                        ✓

  PASS: Python == Verilog (exact match, arrival order) ✓

  ────────────────────────────────────────────────────────
  OS N=3  A=[[4, 1, 5], [5, 4, 1], [3, 1, 2]]  B=[[4, 3, 4], [4, 3, 2], [4, 3, 4]]
  C = A×B (golden) = [[40, 30, 38], [40, 30, 32], [24, 18, 22]]

  Row   Python (arrival order)         Verilog (arrival order)        Match
  ───   ──────────────────────         ───────────────────────        ─────
  0     [38, 30, 40]                   [38, 30, 40]                   ✓
  1     [32, 30, 40]                   [32, 30, 40]                   ✓
  2     [22, 18, 24]                   [22, 18, 24]                   ✓

  PASS: Python == Verilog (exact match, arrival order) ✓

  ────────────────────────────────────────────────────────
  OS N=4  A=[[3, 2, 5, 5], [4, 1, 1, 4], [2, 2, 3, 3], [2, 4, 5, 1]]  B=[[4, 3, 4, 1], [3, 2, 2, 4], [1, 5, 5, 4], [4, 1, 1, 2]]
  C = A×B (golden) = [[43, 43, 46, 41], [36, 23, 27, 20], [29, 28, 30, 28], [29, 40, 42, 40]]

  Row   Python (arrival order)         Verilog (arrival order)        Match
  ───   ──────────────────────         ───────────────────────        ─────
  0     [41, 46, 43, 43]               [41, 46, 43, 43]               ✓
  1     [20, 27, 23, 36]               [20, 27, 23, 36]               ✓
  2     [28, 30, 28, 29]               [28, 30, 28, 29]               ✓
  3     [40, 42, 40, 29]               [40, 42, 40, 29]               ✓

  PASS: Python == Verilog (exact match, arrival order) ✓

══════════════════════════════════════════════════════════════
  DATAFLOW: WS
══════════════════════════════════════════════════════════════

  ────────────────────────────────────────────────────────
  WS N=2  A=[[5, 5], [5, 2]]  B=[[4, 1], [2, 1]]

  Row   Python (arrival order)         Verilog (arrival order)        Match
  ───   ──────────────────────         ───────────────────────        ─────
  0     [25, 25]                       [25, 25]                       ✓
  1     [13, 22]                       [13, 22]                       ✓

  PASS: Python == Verilog (exact match, arrival order) ✓

  ────────────────────────────────────────────────────────
  WS N=3  A=[[2, 1, 4], [3, 4, 2], [1, 3, 2]]  B=[[2, 2, 3], [2, 1, 2], [1, 5, 4]]

  Row   Python (arrival order)         Verilog (arrival order)        Match
  ───   ──────────────────────         ───────────────────────        ─────
  0     [16, 15, 18]                   [16, 15, 18]                   ✓
  1     [21, 22, 20]                   [21, 22, 20]                   ✓
  2     [13, 15, 14]                   [13, 15, 14]                   ✓

  PASS: Python == Verilog (exact match, arrival order) ✓

  ────────────────────────────────────────────────────────
  WS N=4  A=[[1, 2, 5, 4], [2, 5, 5, 2], [3, 3, 2, 4], [1, 5, 4, 2]]  B=[[1, 4, 4, 3], [4, 5, 2, 2], [3, 2, 4, 1], [3, 2, 4, 5]]

  Row   Python (arrival order)         Verilog (arrival order)        Match
  ───   ──────────────────────         ───────────────────────        ─────
  0     [41, 31, 31, 41]               [41, 31, 31, 41]               ✓
  1     [39, 36, 45, 48]               [39, 36, 45, 48]               ✓
  2     [36, 39, 34, 35]               [36, 39, 34, 35]               ✓
  3     [32, 31, 38, 43]               [32, 31, 38, 43]               ✓

  PASS: Python == Verilog (exact match, arrival order) ✓

══════════════════════════════════════════════════════════════
  DATAFLOW: IS
══════════════════════════════════════════════════════════════

  ────────────────────────────────────────────────────────
  IS N=2  A=[[4, 2], [4, 2]]  B=[[5, 2], [5, 2]]

  Row   Python (arrival order)         Verilog (arrival order)        Match
  ───   ──────────────────────         ───────────────────────        ─────
  0     [28, 28]                       [28, 28]                       ✓
  1     [28, 28]                       [28, 28]                       ✓

  PASS: Python == Verilog (exact match, arrival order) ✓

  ────────────────────────────────────────────────────────
  IS N=3  A=[[3, 2, 2], [3, 3, 1], [4, 4, 5]]  B=[[4, 2, 5], [1, 4, 3], [5, 1, 4]]

  Row   Python (arrival order)         Verilog (arrival order)        Match
  ───   ──────────────────────         ───────────────────────        ─────
  0     [21, 30, 36]                   [21, 30, 36]                   ✓
  1     [21, 30, 36]                   [21, 30, 36]                   ✓
  2     [28, 40, 48]                   [28, 40, 48]                   ✓

  PASS: Python == Verilog (exact match, arrival order) ✓

  ────────────────────────────────────────────────────────
  IS N=4  A=[[1, 2, 2, 3], [5, 4, 4, 4], [2, 1, 5, 2], [3, 4, 5, 1]]  B=[[2, 4, 3, 5], [5, 3, 4, 2], [5, 4, 3, 5], [2, 1, 2, 2]]

  Row   Python (arrival order)         Verilog (arrival order)        Match
  ───   ──────────────────────         ───────────────────────        ─────
  0     [16, 11, 15, 10]               [16, 11, 15, 10]               ✓
  1     [80, 55, 75, 50]               [80, 55, 75, 50]               ✓
  2     [32, 22, 30, 20]               [32, 22, 30, 20]               ✓
  3     [48, 33, 45, 30]               [48, 33, 45, 30]               ✓

  PASS: Python == Verilog (exact match, arrival order) ✓

==============================================================
  FINAL: PASS=9  FAIL=0  (0:00:00.267992)
==============================================================